-------------------------------------------------------------------------------
Test set: ci.training.WalletServiceTest
-------------------------------------------------------------------------------
Tests run: 11, Failures: 1, Errors: 0, Skipped: 0, Time elapsed: 0.422 s <<< FAILURE! - in ci.training.WalletServiceTest
test_deposit_success(ci.training.WalletServiceTest)  Time elapsed: 0.016 s  <<< FAILURE!
java.lang.AssertionError: expected:<700> but was:<600>
	at ci.training.WalletServiceTest.test_deposit_success(WalletServiceTest.java:108)

