<?xml version="1.0" encoding="UTF-8"?>
<testsuite xmlns:xsi="http://www.w3.org/2001/XMLSchema-instance" xsi:noNamespaceSchemaLocation="https://maven.apache.org/surefire/maven-surefire-plugin/xsd/surefire-test-report-3.0.xsd" version="3.0" name="ci.training.WalletServiceTest" time="0.422" tests="11" errors="0" skipped="0" failures="1">
  <properties>
[...]
</properties>
  <testcase name="test_showBalance_returnsNullForInvalidAccount" classname="ci.training.WalletServiceTest" time="0.211"/>
  <testcase name="test_deposit_returnsNullForInvalidAccount" classname="ci.training.WalletServiceTest" time="0"/>
  <testcase name="test_deposit_amountShouldNotBeLessThanZero" classname="ci.training.WalletServiceTest" time="0"/>
  <testcase name="test_deposit_success" classname="ci.training.WalletServiceTest" time="0.016">
    <failure message="expected:&lt;700&gt; but was:&lt;600&gt;" type="java.lang.AssertionError"><![CDATA[java.lang.AssertionError: expected:<700> but was:<600>
	at ci.training.WalletServiceTest.test_deposit_success(WalletServiceTest.java:108)
]]></failure>
  </testcase>
  <testcase name="test_showBalance_throwsExceptionForIllegalArguments" classname="ci.training.WalletServiceTest" time="0"/>
  <testcase name="test_showBalance_success" classname="ci.training.WalletServiceTest" time="0"/>
  <testcase name="test_createWallet_success" classname="ci.training.WalletServiceTest" time="0"/>
  <testcase name="test_withdraw_returnsNullForInvalidAccount" classname="ci.training.WalletServiceTest" time="0"/>
  <testcase name="test_withdraw_insufficientBalance" classname="ci.training.WalletServiceTest" time="0"/>
  <testcase name="test_withdraw_success" classname="ci.training.WalletServiceTest" time="0"/>
  <testcase name="test_createWallet_throwsExceptionForIlllegalArguments" classname="ci.training.WalletServiceTest" time="0"/>
</testsuite>